     1 00000000                                 [FORMAT "WCOFF"]
     2 00000000                                 [INSTRSET "i486p"]
     3 00000000                                 [OPTIMIZE 1]
     4 00000000                                 [OPTION 1]
     5 00000000                                 [BITS 32]
     6 00000000                                 	EXTERN	_font_HA
     7 00000000                                 	EXTERN	_io_hlt
     8 00000000                                 	EXTERN	_io_load_eflags
     9 00000000                                 	EXTERN	_io_cli
    10 00000000                                 	EXTERN	_io_out8
    11 00000000                                 	EXTERN	_io_store_eflags
    12 00000000                                 [FILE "bootpack.c"]
    13                                          [SECTION .data]
    14 00000000                                 _font_HA:
    15 00000000 08                              	DB	8
    16 00000001 18                              	DB	24
    17 00000002 08                              	DB	8
    18 00000003 18                              	DB	24
    19 00000004 08                              	DB	8
    20 00000005 28                              	DB	40
    21 00000006 7E                              	DB	126
    22 00000007 24                              	DB	36
    23 00000008 4A                              	DB	74
    24 00000009 43                              	DB	67
    25 0000000A 4B                              	DB	75
    26 0000000B 81                              	DB	-127
    27 0000000C 4A                              	DB	74
    28 0000000D 7E                              	DB	126
    29 0000000E 4A                              	DB	74
    30 0000000F 00                              	DB	0
    31 00000010 7E                              	DB	126
    32 00000011 7F                              	DB	127
    33 00000012 08                              	DB	8
    34 00000013 41                              	DB	65
    35 00000014 0A                              	DB	10
    36 00000015 41                              	DB	65
    37 00000016 0F                              	DB	15
    38 00000017 41                              	DB	65
    39 00000018 70                              	DB	112
    40 00000019 7F                              	DB	127
    41 0000001A 00                              	DB	0
    42 0000001B 41                              	DB	65
    43 0000001C 00                              	DB	0
    44 0000001D 00                              	DB	0
    45 0000001E 00                              	DB	0
    46 0000001F 00                              	DB	0
    47                                          [SECTION .text]
    48 00000000                                 	GLOBAL	_HariMain
    49 00000000                                 _HariMain:
    50 00000000 55                              	PUSH	EBP
    51 00000001 89 E5                           	MOV	EBP,ESP
    52 00000003 E8 00000064                     	CALL	_init_palette
    53 00000008 0F BF 05 00000FF6               	MOVSX	EAX,WORD [4086]
    54 0000000F 50                              	PUSH	EAX
    55 00000010 0F BF 05 00000FF4               	MOVSX	EAX,WORD [4084]
    56 00000017 50                              	PUSH	EAX
    57 00000018 FF 35 00000FF8                  	PUSH	DWORD [4088]
    58 0000001E E8 00000135                     	CALL	_init_screen
    59 00000023 68 [00000000]                   	PUSH	_font_HA
    60 00000028 6A 07                           	PUSH	7
    61 0000002A 6A 64                           	PUSH	100
    62 0000002C 6A 64                           	PUSH	100
    63 0000002E 0F BF 05 00000FF4               	MOVSX	EAX,WORD [4084]
    64 00000035 50                              	PUSH	EAX
    65 00000036 FF 35 00000FF8                  	PUSH	DWORD [4088]
    66 0000003C E8 00000291                     	CALL	_putfont16
    67 00000041 83 C4 24                        	ADD	ESP,36
    68 00000044 68 [00000000]                   	PUSH	_font_HA
    69 00000049 6A 07                           	PUSH	7
    70 0000004B 6A 64                           	PUSH	100
    71 0000004D 6A 74                           	PUSH	116
    72 0000004F 0F BF 05 00000FF4               	MOVSX	EAX,WORD [4084]
    73 00000056 50                              	PUSH	EAX
    74 00000057 FF 35 00000FF8                  	PUSH	DWORD [4088]
    75 0000005D E8 00000270                     	CALL	_putfont16
    76 00000062 83 C4 18                        	ADD	ESP,24
    77 00000065                                 L2:
    78 00000065 E8 [00000000]                   	CALL	_io_hlt
    79 0000006A EB F9                           	JMP	L2
    80                                          [SECTION .data]
    81 00000020                                 _table_rgb.0:
    82 00000020 00                              	DB	0
    83 00000021 00                              	DB	0
    84 00000022 00                              	DB	0
    85 00000023 FF                              	DB	-1
    86 00000024 00                              	DB	0
    87 00000025 00                              	DB	0
    88 00000026 00                              	DB	0
    89 00000027 FF                              	DB	-1
    90 00000028 00                              	DB	0
    91 00000029 FF                              	DB	-1
    92 0000002A FF                              	DB	-1
    93 0000002B 00                              	DB	0
    94 0000002C 00                              	DB	0
    95 0000002D 00                              	DB	0
    96 0000002E FF                              	DB	-1
    97 0000002F FF                              	DB	-1
    98 00000030 00                              	DB	0
    99 00000031 FF                              	DB	-1
   100 00000032 00                              	DB	0
   101 00000033 FF                              	DB	-1
   102 00000034 FF                              	DB	-1
   103 00000035 FF                              	DB	-1
   104 00000036 FF                              	DB	-1
   105 00000037 FF                              	DB	-1
   106 00000038 C6                              	DB	-58
   107 00000039 C6                              	DB	-58
   108 0000003A C6                              	DB	-58
   109 0000003B 84                              	DB	-124
   110 0000003C 00                              	DB	0
   111 0000003D 00                              	DB	0
   112 0000003E 00                              	DB	0
   113 0000003F 84                              	DB	-124
   114 00000040 00                              	DB	0
   115 00000041 84                              	DB	-124
   116 00000042 84                              	DB	-124
   117 00000043 00                              	DB	0
   118 00000044 00                              	DB	0
   119 00000045 00                              	DB	0
   120 00000046 84                              	DB	-124
   121 00000047 84                              	DB	-124
   122 00000048 00                              	DB	0
   123 00000049 84                              	DB	-124
   124 0000004A 00                              	DB	0
   125 0000004B 84                              	DB	-124
   126 0000004C 84                              	DB	-124
   127 0000004D 84                              	DB	-124
   128 0000004E 84                              	DB	-124
   129 0000004F 84                              	DB	-124
   130                                          [SECTION .text]
   131 0000006C                                 	GLOBAL	_init_palette
   132 0000006C                                 _init_palette:
   133 0000006C 55                              	PUSH	EBP
   134 0000006D 89 E5                           	MOV	EBP,ESP
   135 0000006F 68 [00000020]                   	PUSH	_table_rgb.0
   136 00000074 6A 0F                           	PUSH	15
   137 00000076 6A 00                           	PUSH	0
   138 00000078 E8 00000002                     	CALL	_set_palette
   139 0000007D C9                              	LEAVE
   140 0000007E C3                              	RET
   141 0000007F                                 	GLOBAL	_set_palette
   142 0000007F                                 _set_palette:
   143 0000007F 55                              	PUSH	EBP
   144 00000080 89 E5                           	MOV	EBP,ESP
   145 00000082 57                              	PUSH	EDI
   146 00000083 56                              	PUSH	ESI
   147 00000084 53                              	PUSH	EBX
   148 00000085 51                              	PUSH	ECX
   149 00000086 8B 5D 08                        	MOV	EBX,DWORD [8+EBP]
   150 00000089 8B 7D 0C                        	MOV	EDI,DWORD [12+EBP]
   151 0000008C 8B 75 10                        	MOV	ESI,DWORD [16+EBP]
   152 0000008F E8 [00000000]                   	CALL	_io_load_eflags
   153 00000094 89 45 F0                        	MOV	DWORD [-16+EBP],EAX
   154 00000097 E8 [00000000]                   	CALL	_io_cli
   155 0000009C 53                              	PUSH	EBX
   156 0000009D 68 000003C8                     	PUSH	968
   157 000000A2 E8 [00000000]                   	CALL	_io_out8
   158 000000A7 39 FB                           	CMP	EBX,EDI
   159 000000A9 58                              	POP	EAX
   160 000000AA 5A                              	POP	EDX
   161 000000AB 7E 12                           	JLE	L11
   162 000000AD                                 L13:
   163 000000AD 8B 45 F0                        	MOV	EAX,DWORD [-16+EBP]
   164 000000B0 89 45 08                        	MOV	DWORD [8+EBP],EAX
   165 000000B3 8D 65 F4                        	LEA	ESP,DWORD [-12+EBP]
   166 000000B6 5B                              	POP	EBX
   167 000000B7 5E                              	POP	ESI
   168 000000B8 5F                              	POP	EDI
   169 000000B9 5D                              	POP	EBP
   170 000000BA E9 [00000000]                   	JMP	_io_store_eflags
   171 000000BF                                 L11:
   172 000000BF 8A 06                           	MOV	AL,BYTE [ESI]
   173 000000C1 43                              	INC	EBX
   174 000000C2 C0 E8 02                        	SHR	AL,2
   175 000000C5 0F B6 C0                        	MOVZX	EAX,AL
   176 000000C8 50                              	PUSH	EAX
   177 000000C9 68 000003C9                     	PUSH	969
   178 000000CE E8 [00000000]                   	CALL	_io_out8
   179 000000D3 8A 46 01                        	MOV	AL,BYTE [1+ESI]
   180 000000D6 C0 E8 02                        	SHR	AL,2
   181 000000D9 0F B6 C0                        	MOVZX	EAX,AL
   182 000000DC 50                              	PUSH	EAX
   183 000000DD 68 000003C9                     	PUSH	969
   184 000000E2 E8 [00000000]                   	CALL	_io_out8
   185 000000E7 8A 46 02                        	MOV	AL,BYTE [2+ESI]
   186 000000EA C0 E8 02                        	SHR	AL,2
   187 000000ED 83 C6 03                        	ADD	ESI,3
   188 000000F0 0F B6 C0                        	MOVZX	EAX,AL
   189 000000F3 50                              	PUSH	EAX
   190 000000F4 68 000003C9                     	PUSH	969
   191 000000F9 E8 [00000000]                   	CALL	_io_out8
   192 000000FE 83 C4 18                        	ADD	ESP,24
   193 00000101 39 FB                           	CMP	EBX,EDI
   194 00000103 7E BA                           	JLE	L11
   195 00000105 EB A6                           	JMP	L13
   196 00000107                                 	GLOBAL	_boxfill8
   197 00000107                                 _boxfill8:
   198 00000107 55                              	PUSH	EBP
   199 00000108 89 E5                           	MOV	EBP,ESP
   200 0000010A 57                              	PUSH	EDI
   201 0000010B 56                              	PUSH	ESI
   202 0000010C 53                              	PUSH	EBX
   203 0000010D 57                              	PUSH	EDI
   204 0000010E 57                              	PUSH	EDI
   205 0000010F 8A 45 10                        	MOV	AL,BYTE [16+EBP]
   206 00000112 8B 4D 18                        	MOV	ECX,DWORD [24+EBP]
   207 00000115 8B 7D 1C                        	MOV	EDI,DWORD [28+EBP]
   208 00000118 88 45 F3                        	MOV	BYTE [-13+EBP],AL
   209 0000011B 3B 4D 20                        	CMP	ECX,DWORD [32+EBP]
   210 0000011E 7F 31                           	JG	L26
   211 00000120 8B 5D 0C                        	MOV	EBX,DWORD [12+EBP]
   212 00000123 0F AF D9                        	IMUL	EBX,ECX
   213 00000126                                 L24:
   214 00000126 8B 55 14                        	MOV	EDX,DWORD [20+EBP]
   215 00000129 39 FA                           	CMP	EDX,EDI
   216 0000012B 7F 1B                           	JG	L28
   217 0000012D 8B 75 08                        	MOV	ESI,DWORD [8+EBP]
   218 00000130 01 DE                           	ADD	ESI,EBX
   219 00000132 01 D6                           	ADD	ESI,EDX
   220 00000134 89 75 EC                        	MOV	DWORD [-20+EBP],ESI
   221 00000137                                 L23:
   222 00000137 8B 75 EC                        	MOV	ESI,DWORD [-20+EBP]
   223 0000013A 8A 45 F3                        	MOV	AL,BYTE [-13+EBP]
   224 0000013D 42                              	INC	EDX
   225 0000013E 88 06                           	MOV	BYTE [ESI],AL
   226 00000140 46                              	INC	ESI
   227 00000141 89 75 EC                        	MOV	DWORD [-20+EBP],ESI
   228 00000144 39 FA                           	CMP	EDX,EDI
   229 00000146 7E EF                           	JLE	L23
   230 00000148                                 L28:
   231 00000148 41                              	INC	ECX
   232 00000149 03 5D 0C                        	ADD	EBX,DWORD [12+EBP]
   233 0000014C 3B 4D 20                        	CMP	ECX,DWORD [32+EBP]
   234 0000014F 7E D5                           	JLE	L24
   235 00000151                                 L26:
   236 00000151 5B                              	POP	EBX
   237 00000152 5E                              	POP	ESI
   238 00000153 5B                              	POP	EBX
   239 00000154 5E                              	POP	ESI
   240 00000155 5F                              	POP	EDI
   241 00000156 5D                              	POP	EBP
   242 00000157 C3                              	RET
   243 00000158                                 	GLOBAL	_init_screen
   244 00000158                                 _init_screen:
   245 00000158 55                              	PUSH	EBP
   246 00000159 89 E5                           	MOV	EBP,ESP
   247 0000015B 57                              	PUSH	EDI
   248 0000015C 56                              	PUSH	ESI
   249 0000015D 53                              	PUSH	EBX
   250 0000015E 83 EC 14                        	SUB	ESP,20
   251 00000161 0F BF 5D 0C                     	MOVSX	EBX,WORD [12+EBP]
   252 00000165 0F BF 45 10                     	MOVSX	EAX,WORD [16+EBP]
   253 00000169 89 45 F0                        	MOV	DWORD [-16+EBP],EAX
   254 0000016C 8D 7B FF                        	LEA	EDI,DWORD [-1+EBX]
   255 0000016F 83 E8 1D                        	SUB	EAX,29
   256 00000172 8D 73 FC                        	LEA	ESI,DWORD [-4+EBX]
   257 00000175 50                              	PUSH	EAX
   258 00000176 57                              	PUSH	EDI
   259 00000177 6A 00                           	PUSH	0
   260 00000179 6A 00                           	PUSH	0
   261 0000017B 6A 0E                           	PUSH	14
   262 0000017D 53                              	PUSH	EBX
   263 0000017E FF 75 08                        	PUSH	DWORD [8+EBP]
   264 00000181 E8 FFFFFF81                     	CALL	_boxfill8
   265 00000186 8B 45 F0                        	MOV	EAX,DWORD [-16+EBP]
   266 00000189 83 E8 1C                        	SUB	EAX,28
   267 0000018C 50                              	PUSH	EAX
   268 0000018D 57                              	PUSH	EDI
   269 0000018E 50                              	PUSH	EAX
   270 0000018F 6A 00                           	PUSH	0
   271 00000191 6A 08                           	PUSH	8
   272 00000193 53                              	PUSH	EBX
   273 00000194 FF 75 08                        	PUSH	DWORD [8+EBP]
   274 00000197 E8 FFFFFF6B                     	CALL	_boxfill8
   275 0000019C 8B 45 F0                        	MOV	EAX,DWORD [-16+EBP]
   276 0000019F 83 C4 38                        	ADD	ESP,56
   277 000001A2 83 E8 1B                        	SUB	EAX,27
   278 000001A5 50                              	PUSH	EAX
   279 000001A6 57                              	PUSH	EDI
   280 000001A7 50                              	PUSH	EAX
   281 000001A8 6A 00                           	PUSH	0
   282 000001AA 6A 07                           	PUSH	7
   283 000001AC 53                              	PUSH	EBX
   284 000001AD FF 75 08                        	PUSH	DWORD [8+EBP]
   285 000001B0 E8 FFFFFF52                     	CALL	_boxfill8
   286 000001B5 8B 45 F0                        	MOV	EAX,DWORD [-16+EBP]
   287 000001B8 48                              	DEC	EAX
   288 000001B9 50                              	PUSH	EAX
   289 000001BA 8B 45 F0                        	MOV	EAX,DWORD [-16+EBP]
   290 000001BD 57                              	PUSH	EDI
   291 000001BE 83 E8 1A                        	SUB	EAX,26
   292 000001C1 50                              	PUSH	EAX
   293 000001C2 8D 7B D1                        	LEA	EDI,DWORD [-47+EBX]
   294 000001C5 6A 00                           	PUSH	0
   295 000001C7 6A 08                           	PUSH	8
   296 000001C9 53                              	PUSH	EBX
   297 000001CA FF 75 08                        	PUSH	DWORD [8+EBP]
   298 000001CD E8 FFFFFF35                     	CALL	_boxfill8
   299 000001D2 8B 45 F0                        	MOV	EAX,DWORD [-16+EBP]
   300 000001D5 83 C4 38                        	ADD	ESP,56
   301 000001D8 83 E8 18                        	SUB	EAX,24
   302 000001DB 89 45 EC                        	MOV	DWORD [-20+EBP],EAX
   303 000001DE 50                              	PUSH	EAX
   304 000001DF 6A 3B                           	PUSH	59
   305 000001E1 50                              	PUSH	EAX
   306 000001E2 6A 03                           	PUSH	3
   307 000001E4 6A 07                           	PUSH	7
   308 000001E6 53                              	PUSH	EBX
   309 000001E7 FF 75 08                        	PUSH	DWORD [8+EBP]
   310 000001EA E8 FFFFFF18                     	CALL	_boxfill8
   311 000001EF 8B 45 F0                        	MOV	EAX,DWORD [-16+EBP]
   312 000001F2 83 E8 04                        	SUB	EAX,4
   313 000001F5 50                              	PUSH	EAX
   314 000001F6 89 45 E8                        	MOV	DWORD [-24+EBP],EAX
   315 000001F9 6A 02                           	PUSH	2
   316 000001FB FF 75 EC                        	PUSH	DWORD [-20+EBP]
   317 000001FE 6A 02                           	PUSH	2
   318 00000200 6A 07                           	PUSH	7
   319 00000202 53                              	PUSH	EBX
   320 00000203 FF 75 08                        	PUSH	DWORD [8+EBP]
   321 00000206 E8 FFFFFEFC                     	CALL	_boxfill8
   322 0000020B 83 C4 38                        	ADD	ESP,56
   323 0000020E FF 75 E8                        	PUSH	DWORD [-24+EBP]
   324 00000211 6A 3B                           	PUSH	59
   325 00000213 FF 75 E8                        	PUSH	DWORD [-24+EBP]
   326 00000216 6A 03                           	PUSH	3
   327 00000218 6A 0F                           	PUSH	15
   328 0000021A 53                              	PUSH	EBX
   329 0000021B FF 75 08                        	PUSH	DWORD [8+EBP]
   330 0000021E E8 FFFFFEE4                     	CALL	_boxfill8
   331 00000223 8B 45 F0                        	MOV	EAX,DWORD [-16+EBP]
   332 00000226 83 E8 05                        	SUB	EAX,5
   333 00000229 50                              	PUSH	EAX
   334 0000022A 8B 45 F0                        	MOV	EAX,DWORD [-16+EBP]
   335 0000022D 6A 3B                           	PUSH	59
   336 0000022F 83 E8 17                        	SUB	EAX,23
   337 00000232 50                              	PUSH	EAX
   338 00000233 89 45 E4                        	MOV	DWORD [-28+EBP],EAX
   339 00000236 6A 3B                           	PUSH	59
   340 00000238 6A 0F                           	PUSH	15
   341 0000023A 53                              	PUSH	EBX
   342 0000023B FF 75 08                        	PUSH	DWORD [8+EBP]
   343 0000023E E8 FFFFFEC4                     	CALL	_boxfill8
   344 00000243 8B 45 F0                        	MOV	EAX,DWORD [-16+EBP]
   345 00000246 83 C4 38                        	ADD	ESP,56
   346 00000249 83 E8 03                        	SUB	EAX,3
   347 0000024C 89 45 E0                        	MOV	DWORD [-32+EBP],EAX
   348 0000024F 50                              	PUSH	EAX
   349 00000250 6A 3B                           	PUSH	59
   350 00000252 50                              	PUSH	EAX
   351 00000253 6A 02                           	PUSH	2
   352 00000255 6A 00                           	PUSH	0
   353 00000257 53                              	PUSH	EBX
   354 00000258 FF 75 08                        	PUSH	DWORD [8+EBP]
   355 0000025B E8 FFFFFEA7                     	CALL	_boxfill8
   356 00000260 FF 75 E0                        	PUSH	DWORD [-32+EBP]
   357 00000263 6A 3C                           	PUSH	60
   358 00000265 FF 75 EC                        	PUSH	DWORD [-20+EBP]
   359 00000268 6A 3C                           	PUSH	60
   360 0000026A 6A 00                           	PUSH	0
   361 0000026C 53                              	PUSH	EBX
   362 0000026D FF 75 08                        	PUSH	DWORD [8+EBP]
   363 00000270 E8 FFFFFE92                     	CALL	_boxfill8
   364 00000275 83 C4 38                        	ADD	ESP,56
   365 00000278 FF 75 EC                        	PUSH	DWORD [-20+EBP]
   366 0000027B 56                              	PUSH	ESI
   367 0000027C FF 75 EC                        	PUSH	DWORD [-20+EBP]
   368 0000027F 57                              	PUSH	EDI
   369 00000280 6A 0F                           	PUSH	15
   370 00000282 53                              	PUSH	EBX
   371 00000283 FF 75 08                        	PUSH	DWORD [8+EBP]
   372 00000286 E8 FFFFFE7C                     	CALL	_boxfill8
   373 0000028B FF 75 E8                        	PUSH	DWORD [-24+EBP]
   374 0000028E 57                              	PUSH	EDI
   375 0000028F FF 75 E4                        	PUSH	DWORD [-28+EBP]
   376 00000292 57                              	PUSH	EDI
   377 00000293 6A 0F                           	PUSH	15
   378 00000295 53                              	PUSH	EBX
   379 00000296 FF 75 08                        	PUSH	DWORD [8+EBP]
   380 00000299 E8 FFFFFE69                     	CALL	_boxfill8
   381 0000029E 83 C4 38                        	ADD	ESP,56
   382 000002A1 FF 75 E0                        	PUSH	DWORD [-32+EBP]
   383 000002A4 56                              	PUSH	ESI
   384 000002A5 FF 75 E0                        	PUSH	DWORD [-32+EBP]
   385 000002A8 57                              	PUSH	EDI
   386 000002A9 6A 07                           	PUSH	7
   387 000002AB 53                              	PUSH	EBX
   388 000002AC FF 75 08                        	PUSH	DWORD [8+EBP]
   389 000002AF E8 FFFFFE53                     	CALL	_boxfill8
   390 000002B4 8D 43 FD                        	LEA	EAX,DWORD [-3+EBX]
   391 000002B7 FF 75 E0                        	PUSH	DWORD [-32+EBP]
   392 000002BA 50                              	PUSH	EAX
   393 000002BB FF 75 EC                        	PUSH	DWORD [-20+EBP]
   394 000002BE 50                              	PUSH	EAX
   395 000002BF 6A 07                           	PUSH	7
   396 000002C1 53                              	PUSH	EBX
   397 000002C2 FF 75 08                        	PUSH	DWORD [8+EBP]
   398 000002C5 E8 FFFFFE3D                     	CALL	_boxfill8
   399 000002CA 8D 65 F4                        	LEA	ESP,DWORD [-12+EBP]
   400 000002CD 5B                              	POP	EBX
   401 000002CE 5E                              	POP	ESI
   402 000002CF 5F                              	POP	EDI
   403 000002D0 5D                              	POP	EBP
   404 000002D1 C3                              	RET
   405 000002D2                                 	GLOBAL	_putfont16
   406 000002D2                                 _putfont16:
   407 000002D2 55                              	PUSH	EBP
   408 000002D3 89 E5                           	MOV	EBP,ESP
   409 000002D5 57                              	PUSH	EDI
   410 000002D6 56                              	PUSH	ESI
   411 000002D7 31 F6                           	XOR	ESI,ESI
   412 000002D9 53                              	PUSH	EBX
   413 000002DA 8B 7D 1C                        	MOV	EDI,DWORD [28+EBP]
   414 000002DD 8A 5D 18                        	MOV	BL,BYTE [24+EBP]
   415 000002E0                                 L51:
   416 000002E0 8B 45 14                        	MOV	EAX,DWORD [20+EBP]
   417 000002E3 8B 55 10                        	MOV	EDX,DWORD [16+EBP]
   418 000002E6 01 F0                           	ADD	EAX,ESI
   419 000002E8 0F AF 45 0C                     	IMUL	EAX,DWORD [12+EBP]
   420 000002EC 03 45 08                        	ADD	EAX,DWORD [8+EBP]
   421 000002EF 8D 0C 02                        	LEA	ECX,DWORD [EDX+EAX*1]
   422 000002F2 8A 14 77                        	MOV	DL,BYTE [EDI+ESI*2]
   423 000002F5 84 D2                           	TEST	DL,DL
   424 000002F7 79 02                           	JNS	L35
   425 000002F9 88 19                           	MOV	BYTE [ECX],BL
   426 000002FB                                 L35:
   427 000002FB 88 D0                           	MOV	AL,DL
   428 000002FD 83 E0 40                        	AND	EAX,64
   429 00000300 84 C0                           	TEST	AL,AL
   430 00000302 74 03                           	JE	L36
   431 00000304 88 59 01                        	MOV	BYTE [1+ECX],BL
   432 00000307                                 L36:
   433 00000307 88 D0                           	MOV	AL,DL
   434 00000309 83 E0 20                        	AND	EAX,32
   435 0000030C 84 C0                           	TEST	AL,AL
   436 0000030E 74 03                           	JE	L37
   437 00000310 88 59 02                        	MOV	BYTE [2+ECX],BL
   438 00000313                                 L37:
   439 00000313 88 D0                           	MOV	AL,DL
   440 00000315 83 E0 10                        	AND	EAX,16
   441 00000318 84 C0                           	TEST	AL,AL
   442 0000031A 74 03                           	JE	L38
   443 0000031C 88 59 03                        	MOV	BYTE [3+ECX],BL
   444 0000031F                                 L38:
   445 0000031F 88 D0                           	MOV	AL,DL
   446 00000321 83 E0 08                        	AND	EAX,8
   447 00000324 84 C0                           	TEST	AL,AL
   448 00000326 74 03                           	JE	L39
   449 00000328 88 59 04                        	MOV	BYTE [4+ECX],BL
   450 0000032B                                 L39:
   451 0000032B 88 D0                           	MOV	AL,DL
   452 0000032D 83 E0 04                        	AND	EAX,4
   453 00000330 84 C0                           	TEST	AL,AL
   454 00000332 74 03                           	JE	L40
   455 00000334 88 59 05                        	MOV	BYTE [5+ECX],BL
   456 00000337                                 L40:
   457 00000337 88 D0                           	MOV	AL,DL
   458 00000339 83 E0 02                        	AND	EAX,2
   459 0000033C 84 C0                           	TEST	AL,AL
   460 0000033E 74 03                           	JE	L41
   461 00000340 88 59 06                        	MOV	BYTE [6+ECX],BL
   462 00000343                                 L41:
   463 00000343 83 E2 01                        	AND	EDX,1
   464 00000346 84 D2                           	TEST	DL,DL
   465 00000348 74 03                           	JE	L42
   466 0000034A 88 59 07                        	MOV	BYTE [7+ECX],BL
   467 0000034D                                 L42:
   468 0000034D 8A 54 77 01                     	MOV	DL,BYTE [1+EDI+ESI*2]
   469 00000351 84 D2                           	TEST	DL,DL
   470 00000353 79 03                           	JNS	L43
   471 00000355 88 59 08                        	MOV	BYTE [8+ECX],BL
   472 00000358                                 L43:
   473 00000358 88 D0                           	MOV	AL,DL
   474 0000035A 83 E0 40                        	AND	EAX,64
   475 0000035D 84 C0                           	TEST	AL,AL
   476 0000035F 74 03                           	JE	L44
   477 00000361 88 59 09                        	MOV	BYTE [9+ECX],BL
   478 00000364                                 L44:
   479 00000364 88 D0                           	MOV	AL,DL
   480 00000366 83 E0 20                        	AND	EAX,32
   481 00000369 84 C0                           	TEST	AL,AL
   482 0000036B 74 03                           	JE	L45
   483 0000036D 88 59 0A                        	MOV	BYTE [10+ECX],BL
   484 00000370                                 L45:
   485 00000370 88 D0                           	MOV	AL,DL
   486 00000372 83 E0 10                        	AND	EAX,16
   487 00000375 84 C0                           	TEST	AL,AL
   488 00000377 74 03                           	JE	L46
   489 00000379 88 59 0B                        	MOV	BYTE [11+ECX],BL
   490 0000037C                                 L46:
   491 0000037C 88 D0                           	MOV	AL,DL
   492 0000037E 83 E0 08                        	AND	EAX,8
   493 00000381 84 C0                           	TEST	AL,AL
   494 00000383 74 03                           	JE	L47
   495 00000385 88 59 0C                        	MOV	BYTE [12+ECX],BL
   496 00000388                                 L47:
   497 00000388 88 D0                           	MOV	AL,DL
   498 0000038A 83 E0 04                        	AND	EAX,4
   499 0000038D 84 C0                           	TEST	AL,AL
   500 0000038F 74 03                           	JE	L48
   501 00000391 88 59 0D                        	MOV	BYTE [13+ECX],BL
   502 00000394                                 L48:
   503 00000394 88 D0                           	MOV	AL,DL
   504 00000396 83 E0 02                        	AND	EAX,2
   505 00000399 84 C0                           	TEST	AL,AL
   506 0000039B 74 03                           	JE	L49
   507 0000039D 88 59 0E                        	MOV	BYTE [14+ECX],BL
   508 000003A0                                 L49:
   509 000003A0 83 E2 01                        	AND	EDX,1
   510 000003A3 84 D2                           	TEST	DL,DL
   511 000003A5 74 03                           	JE	L33
   512 000003A7 88 59 0F                        	MOV	BYTE [15+ECX],BL
   513 000003AA                                 L33:
   514 000003AA 46                              	INC	ESI
   515 000003AB 83 FE 0F                        	CMP	ESI,15
   516 000003AE 0F 8E FFFFFF2C                  	JLE	L51
   517 000003B4 5B                              	POP	EBX
   518 000003B5 5E                              	POP	ESI
   519 000003B6 5F                              	POP	EDI
   520 000003B7 5D                              	POP	EBP
   521 000003B8 C3                              	RET
