     1 00000000                                 ; naskfunc
     2 00000000                                 ; TAB=4
     3 00000000                                 
     4 00000000                                 [FORMAT "WCOFF"]				; オブジェクトファイルを作るモード	
     5 00000000                                 [INSTRSET "i486p"]				; 指定cpu?型，?程序??ECX?寄存器而不是??
     6 00000000                                 [BITS 32]						; 32ビットモード用の機械語を作らせる
     7 00000000                                 
     8 00000000                                 
     9 00000000                                 ; オブジェクトファイルのための情報
    10 00000000                                 
    11 00000000                                 [FILE "naskfunc.nas"]			; ソースファイル名情報
    12 00000000                                 
    13 00000000                                 		GLOBAL	_io_hlt;,_write_mem8	; このプログラムに含まれる関数名
    14 00000000                                 
    15 00000000                                 
    16 00000000                                 ; 以下は実際の関数
    17 00000000                                 
    18                                          [SECTION .text]		; オブジェクトファイルではこれを書いてからプログラムを書く
    19 00000000                                 
    20 00000000                                 _io_hlt:	; void io_hlt(void);
    21 00000000 F4                              		HLT
    22 00000001 C3                              		RET
    23 00000002                                 
    24 00000002                                 ;_write_mem8:	; void write_mem8(int addr, int data);
    25 00000002                                 ;		MOV		ECX,[ESP+4]		; ESP+4存放的是地址
    26 00000002                                 ;		MOV		AL,[ESP+8]		; ESP+8存放的是数据
    27 00000002                                 ;		MOV		[ECX],AL
    28 00000002                                 ;		RET